Arguments: 
  C:\Program Files\nodejs\node.exe C:\Users\Shishkov.AS\AppData\Roaming\npm\node_modules\yarn\bin\yarn.js add [package]@[version]

PATH: 
  C:\Python312\Scripts\;C:\Python312\;C:\Windows\system32;C:\Windows;C:\Windows\System32\Wbem;C:\Windows\System32\WindowsPowerShell\v1.0\;C:\Windows\System32\OpenSSH\;C:\Program Files\PuTTY\;C:\Program Files\Git\cmd;C:\Program Files\Microsoft SQL Server\150\Tools\Binn\;C:\Program Files\Microsoft SQL Server\Client SDK\ODBC\170\Tools\Binn\;C:\Program Files\nodejs\;C:\ProgramData\chocolatey\bin;C:\Program Files\dotnet\;C:\Users\Shishkov.AS\AppData\Local\Microsoft\WindowsApps;C:\Users\Shishkov.AS\AppData\Local\Programs\Microsoft VS Code\bin;C:\Users\Shishkov.AS\AppData\Local\GitHubDesktop\bin;C:\Users\Shishkov.AS\AppData\Roaming\npm;C:\Users\Shishkov.AS\.dotnet\tools

Yarn version: 
  1.22.19

Node version: 
  18.18.2

Platform: 
  win32 x64

Trace: 
  Error: https://registry.yarnpkg.com/[package]: Not found
      at params.callback [as _callback] (C:\Users\Shishkov.AS\AppData\Roaming\npm\node_modules\yarn\lib\cli.js:66145:18)
      at self.callback (C:\Users\Shishkov.AS\AppData\Roaming\npm\node_modules\yarn\lib\cli.js:140890:22)
      at Request.emit (node:events:517:28)
      at Request.<anonymous> (C:\Users\Shishkov.AS\AppData\Roaming\npm\node_modules\yarn\lib\cli.js:141862:10)
      at Request.emit (node:events:517:28)
      at IncomingMessage.<anonymous> (C:\Users\Shishkov.AS\AppData\Roaming\npm\node_modules\yarn\lib\cli.js:141784:12)
      at Object.onceWrapper (node:events:631:28)
      at IncomingMessage.emit (node:events:529:35)
      at endReadableNT (node:internal/streams/readable:1368:12)
      at process.processTicksAndRejections (node:internal/process/task_queues:82:21)

npm manifest: 
  {
    "name": "module17_homework",
    "version": "1.0.0",
    "description": "",
    "main": "Index.js",
    "scripts": {
      "test": "jest"
    },
    "keywords": [],
    "author": "Shisha1536 <schischkoff2017@yandex.ru>",
    "license": "ISC",
    "devDependencies": {
      "@babel/core": "^7.23.2",
      "@babel/preset-env": "^7.23.2",
      "babel-jest": "^29.7.0",
      "jest": "^29.7.0"
    },
    "repository": "https://github.com/Shisha1536/module17_homework.git"
  }

yarn manifest: 
  No manifest

Lockfile: 
  No lockfile
